<component name="libraryTable">
  <library name="junit-2">
    <CLASSES>
      <root url="jar://$PROJECT_DIR$/dynamiteKata/hisogramchecker/junit-/junit-jupiter-api-5.11.3.jar!/" />
      <root url="jar://$PROJECT_DIR$/dynamiteKata/hisogramchecker/junit-/junit-platform-console-standalone-1.11.3.jar!/" />
      <root url="jar://$PROJECT_DIR$/dynamiteKata/hisogramchecker/junit-/opentest4j-1.3.0.jar!/" />
      <root url="jar://$PROJECT_DIR$/dynamiteKata/hisogramchecker/junit-/junit-platform-commons-1.11.3.jar!/" />
      <root url="jar://$PROJECT_DIR$/dynamiteKata/hisogramchecker/junit-/apiguardian-api-1.1.2.jar!/" />
    </CLASSES>
    <JAVADOC />
    <SOURCES />
  </library>
</component>